[INFO] Scanning for projects...
[INFO] 
[INFO] ------------------------< com.example:backend >-------------------------
[INFO] Building backend 0.0.1-SNAPSHOT
[INFO]   from pom.xml
[INFO] --------------------------------[ jar ]---------------------------------
[INFO] 
[INFO] >>> spring-boot:2.7.18:run (default-cli) > test-compile @ backend >>>
[INFO] 
[INFO] --- resources:3.2.0:resources (default-resources) @ backend ---
[INFO] Using 'UTF-8' encoding to copy filtered resources.
[INFO] Using 'UTF-8' encoding to copy filtered properties files.
[INFO] Copying 1 resource
[INFO] Copying 0 resource
[INFO] 
[INFO] --- compiler:3.10.1:compile (default-compile) @ backend ---
[INFO] Nothing to compile - all classes are up to date
[INFO] 
[INFO] --- resources:3.2.0:testResources (default-testResources) @ backend ---
[INFO] Using 'UTF-8' encoding to copy filtered resources.
[INFO] Using 'UTF-8' encoding to copy filtered properties files.
[INFO] skip non existing resourceDirectory /Users/eakhalaivan/HR Mangement System/backend/src/test/resources
[INFO] 
[INFO] --- compiler:3.10.1:testCompile (default-testCompile) @ backend ---
[INFO] Nothing to compile - all classes are up to date
[INFO] 
[INFO] <<< spring-boot:2.7.18:run (default-cli) < test-compile @ backend <<<
[INFO] 
[INFO] 
[INFO] --- spring-boot:2.7.18:run (default-cli) @ backend ---
[INFO] Attaching agents: []

  .   ____          _            __ _ _
 /\\ / ___'_ __ _ _(_)_ __  __ _ \ \ \ \
( ( )\___ | '_ | '_| | '_ \/ _` | \ \ \ \
 \\/  ___)| |_)| | | | | || (_| |  ) ) ) )
  '  |____| .__|_| |_|_| |_\__, | / / / /
 =========|_|==============|___/=/_/_/_/
[32m :: Spring Boot :: [39m             [2m (v2.7.18)[0;39m

[2m2026-03-05 17:12:27.315[0;39m [32m INFO[0;39m [35m14660[0;39m [2m---[0;39m [2m[           main][0;39m [36mcom.example.backend.BackendApplication  [0;39m [2m:[0;39m Starting BackendApplication using Java 24 on Eakhalaivans-MacBook-Air.local with PID 14660 (/Users/eakhalaivan/HR Mangement System/backend/target/classes started by eakhalaivan in /Users/eakhalaivan/HR Mangement System/backend)
[2m2026-03-05 17:12:27.316[0;39m [32m INFO[0;39m [35m14660[0;39m [2m---[0;39m [2m[           main][0;39m [36mcom.example.backend.BackendApplication  [0;39m [2m:[0;39m No active profile set, falling back to 1 default profile: "default"
[2m2026-03-05 17:12:27.577[0;39m [32m INFO[0;39m [35m14660[0;39m [2m---[0;39m [2m[           main][0;39m [36m.s.d.r.c.RepositoryConfigurationDelegate[0;39m [2m:[0;39m Bootstrapping Spring Data JPA repositories in DEFAULT mode.
[2m2026-03-05 17:12:27.600[0;39m [32m INFO[0;39m [35m14660[0;39m [2m---[0;39m [2m[           main][0;39m [36m.s.d.r.c.RepositoryConfigurationDelegate[0;39m [2m:[0;39m Finished Spring Data repository scanning in 20 ms. Found 4 JPA repository interfaces.
WARNING: A restricted method in java.lang.System has been called
WARNING: java.lang.System::load has been called by org.apache.tomcat.jni.Library in an unnamed module (file:/Users/eakhalaivan/.m2/repository/org/apache/tomcat/embed/tomcat-embed-core/9.0.83/tomcat-embed-core-9.0.83.jar)
WARNING: Use --enable-native-access=ALL-UNNAMED to avoid a warning for callers in this module
WARNING: Restricted methods will be blocked in a future release unless native access is enabled

[2m2026-03-05 17:12:27.855[0;39m [32m INFO[0;39m [35m14660[0;39m [2m---[0;39m [2m[           main][0;39m [36mo.s.b.w.embedded.tomcat.TomcatWebServer [0;39m [2m:[0;39m Tomcat initialized with port(s): 8082 (http)
[2m2026-03-05 17:12:27.859[0;39m [32m INFO[0;39m [35m14660[0;39m [2m---[0;39m [2m[           main][0;39m [36mo.apache.catalina.core.StandardService  [0;39m [2m:[0;39m Starting service [Tomcat]
[2m2026-03-05 17:12:27.859[0;39m [32m INFO[0;39m [35m14660[0;39m [2m---[0;39m [2m[           main][0;39m [36morg.apache.catalina.core.StandardEngine [0;39m [2m:[0;39m Starting Servlet engine: [Apache Tomcat/9.0.83]
[2m2026-03-05 17:12:27.905[0;39m [32m INFO[0;39m [35m14660[0;39m [2m---[0;39m [2m[           main][0;39m [36mo.a.c.c.C.[Tomcat].[localhost].[/]      [0;39m [2m:[0;39m Initializing Spring embedded WebApplicationContext
[2m2026-03-05 17:12:27.905[0;39m [32m INFO[0;39m [35m14660[0;39m [2m---[0;39m [2m[           main][0;39m [36mw.s.c.ServletWebServerApplicationContext[0;39m [2m:[0;39m Root WebApplicationContext: initialization completed in 565 ms
[2m2026-03-05 17:12:27.971[0;39m [32m INFO[0;39m [35m14660[0;39m [2m---[0;39m [2m[           main][0;39m [36mo.hibernate.jpa.internal.util.LogHelper [0;39m [2m:[0;39m HHH000204: Processing PersistenceUnitInfo [name: default]
[2m2026-03-05 17:12:27.988[0;39m [32m INFO[0;39m [35m14660[0;39m [2m---[0;39m [2m[           main][0;39m [36morg.hibernate.Version                   [0;39m [2m:[0;39m HHH000412: Hibernate ORM core version 5.6.15.Final
[2m2026-03-05 17:12:28.046[0;39m [32m INFO[0;39m [35m14660[0;39m [2m---[0;39m [2m[           main][0;39m [36mo.hibernate.annotations.common.Version  [0;39m [2m:[0;39m HCANN000001: Hibernate Commons Annotations {5.1.2.Final}
[2m2026-03-05 17:12:28.085[0;39m [32m INFO[0;39m [35m14660[0;39m [2m---[0;39m [2m[           main][0;39m [36mcom.zaxxer.hikari.HikariDataSource      [0;39m [2m:[0;39m HikariPool-1 - Starting...
[2m2026-03-05 17:12:28.172[0;39m [32m INFO[0;39m [35m14660[0;39m [2m---[0;39m [2m[           main][0;39m [36mcom.zaxxer.hikari.HikariDataSource      [0;39m [2m:[0;39m HikariPool-1 - Start completed.
[2m2026-03-05 17:12:28.179[0;39m [32m INFO[0;39m [35m14660[0;39m [2m---[0;39m [2m[           main][0;39m [36morg.hibernate.dialect.Dialect           [0;39m [2m:[0;39m HHH000400: Using dialect: org.hibernate.dialect.H2Dialect
Hibernate: create table employees (id bigint generated by default as identity, department varchar(255) not null, email varchar(255) not null, first_name varchar(255) not null, last_name varchar(255) not null, primary key (id))
Hibernate: create table roles (id integer generated by default as identity, name varchar(20), primary key (id))
Hibernate: create table settings (id bigint generated by default as identity, admin_email varchar(255) not null, notifications boolean not null, persistence_mode varchar(255), system_name varchar(255) not null, primary key (id))
Hibernate: create table user_roles (user_id bigint not null, role_id integer not null, primary key (user_id, role_id))
Hibernate: create table users (id bigint generated by default as identity, email varchar(50), password varchar(120), username varchar(20), primary key (id))
Hibernate: alter table employees drop constraint if exists UK_j9xgmd0ya5jmus09o0b8pqrpb
Hibernate: alter table employees add constraint UK_j9xgmd0ya5jmus09o0b8pqrpb unique (email)
Hibernate: alter table users drop constraint if exists UKr43af9ap4edm43mmtq01oddj6
Hibernate: alter table users add constraint UKr43af9ap4edm43mmtq01oddj6 unique (username)
Hibernate: alter table users drop constraint if exists UK6dotkott2kjsp8vw4d0m25fb7
Hibernate: alter table users add constraint UK6dotkott2kjsp8vw4d0m25fb7 unique (email)
Hibernate: alter table user_roles add constraint FKh8ciramu9cc9q3qcqiv4ue8a6 foreign key (role_id) references roles
Hibernate: alter table user_roles add constraint FKhfh9dx7w3ubf1co1vdev94g3f foreign key (user_id) references users
[2m2026-03-05 17:12:28.446[0;39m [32m INFO[0;39m [35m14660[0;39m [2m---[0;39m [2m[           main][0;39m [36mo.h.e.t.j.p.i.JtaPlatformInitiator      [0;39m [2m:[0;39m HHH000490: Using JtaPlatform implementation: [org.hibernate.engine.transaction.jta.platform.internal.NoJtaPlatform]
[2m2026-03-05 17:12:28.450[0;39m [32m INFO[0;39m [35m14660[0;39m [2m---[0;39m [2m[           main][0;39m [36mj.LocalContainerEntityManagerFactoryBean[0;39m [2m:[0;39m Initialized JPA EntityManagerFactory for persistence unit 'default'
[2m2026-03-05 17:12:28.786[0;39m [32m INFO[0;39m [35m14660[0;39m [2m---[0;39m [2m[           main][0;39m [36mo.s.s.web.DefaultSecurityFilterChain    [0;39m [2m:[0;39m Will secure any request with [org.springframework.security.web.session.DisableEncodeUrlFilter@46ff1aad, org.springframework.security.web.context.request.async.WebAsyncManagerIntegrationFilter@6c2fea95, org.springframework.security.web.context.SecurityContextPersistenceFilter@522fb69, org.springframework.security.web.header.HeaderWriterFilter@5e5d40ec, org.springframework.web.filter.CorsFilter@6ed87ccf, org.springframework.security.web.authentication.logout.LogoutFilter@768e40af, com.example.backend.security.jwt.AuthTokenFilter@2c978637, org.springframework.security.web.savedrequest.RequestCacheAwareFilter@6dfebd2a, org.springframework.security.web.servletapi.SecurityContextHolderAwareRequestFilter@9dbb1d9, org.springframework.security.web.authentication.AnonymousAuthenticationFilter@4d4600fb, org.springframework.security.web.session.SessionManagementFilter@261f5a45, org.springframework.security.web.access.ExceptionTranslationFilter@b63365c, org.springframework.security.web.access.intercept.FilterSecurityInterceptor@472dbaf5]
[2m2026-03-05 17:12:28.805[0;39m [33m WARN[0;39m [35m14660[0;39m [2m---[0;39m [2m[           main][0;39m [36mJpaBaseConfiguration$JpaWebConfiguration[0;39m [2m:[0;39m spring.jpa.open-in-view is enabled by default. Therefore, database queries may be performed during view rendering. Explicitly configure spring.jpa.open-in-view to disable this warning
[2m2026-03-05 17:12:28.984[0;39m [32m INFO[0;39m [35m14660[0;39m [2m---[0;39m [2m[           main][0;39m [36mo.s.b.w.embedded.tomcat.TomcatWebServer [0;39m [2m:[0;39m Tomcat started on port(s): 8082 (http) with context path ''
[2m2026-03-05 17:12:28.988[0;39m [32m INFO[0;39m [35m14660[0;39m [2m---[0;39m [2m[           main][0;39m [36mcom.example.backend.BackendApplication  [0;39m [2m:[0;39m Started BackendApplication in 1.813 seconds (JVM running for 1.947)
--- DataInitializer: Starting data initialization ---
Hibernate: select role0_.id as id1_1_, role0_.name as name2_1_ from roles role0_ where role0_.name=?
Creating ROLE_USER...
Hibernate: insert into roles (id, name) values (default, ?)
Hibernate: select role0_.id as id1_1_, role0_.name as name2_1_ from roles role0_ where role0_.name=?
Creating ROLE_ADMIN...
Hibernate: insert into roles (id, name) values (default, ?)
Hibernate: select user0_.id as id1_4_, user0_.email as email2_4_, user0_.password as password3_4_, user0_.username as username4_4_ from users user0_ where user0_.username=?
Creating default admin user...
Hibernate: select role0_.id as id1_1_, role0_.name as name2_1_ from roles role0_ where role0_.name=?
Hibernate: insert into users (id, email, password, username) values (default, ?, ?, ?)
Hibernate: insert into user_roles (user_id, role_id) values (?, ?)
Admin user created successfully!
Checking for employees without user accounts...
Hibernate: select employee0_.id as id1_0_, employee0_.department as departme2_0_, employee0_.email as email3_0_, employee0_.first_name as first_na4_0_, employee0_.last_name as last_nam5_0_ from employees employee0_
--- DataInitializer: Finished data initialization ---
[2m2026-03-05 17:12:54.563[0;39m [32m INFO[0;39m [35m14660[0;39m [2m---[0;39m [2m[nio-8082-exec-1][0;39m [36mo.a.c.c.C.[Tomcat].[localhost].[/]      [0;39m [2m:[0;39m Initializing Spring DispatcherServlet 'dispatcherServlet'
[2m2026-03-05 17:12:54.563[0;39m [32m INFO[0;39m [35m14660[0;39m [2m---[0;39m [2m[nio-8082-exec-1][0;39m [36mo.s.web.servlet.DispatcherServlet       [0;39m [2m:[0;39m Initializing Servlet 'dispatcherServlet'
[2m2026-03-05 17:12:54.565[0;39m [32m INFO[0;39m [35m14660[0;39m [2m---[0;39m [2m[nio-8082-exec-1][0;39m [36mo.s.web.servlet.DispatcherServlet       [0;39m [2m:[0;39m Completed initialization in 2 ms
No JWT found in request to /api/auth/signin
Signin request received for user: admin
Hibernate: select user0_.id as id1_4_, user0_.email as email2_4_, user0_.password as password3_4_, user0_.username as username4_4_ from users user0_ where user0_.username=?
Hibernate: select roles0_.user_id as user_id1_3_0_, roles0_.role_id as role_id2_3_0_, role1_.id as id1_1_1_, role1_.name as name2_1_1_ from user_roles roles0_ inner join roles role1_ on roles0_.role_id=role1_.id where roles0_.user_id=?
Authentication successful for user: admin
JWT generated for user: admin
[2m2026-03-05 17:47:57.425[0;39m [32m INFO[0;39m [35m14660[0;39m [2m---[0;39m [2m[ionShutdownHook][0;39m [36mj.LocalContainerEntityManagerFactoryBean[0;39m [2m:[0;39m Closing JPA EntityManagerFactory for persistence unit 'default'
[2m2026-03-05 17:47:57.460[0;39m [32m INFO[0;39m [35m14660[0;39m [2m---[0;39m [2m[ionShutdownHook][0;39m [36mcom.zaxxer.hikari.HikariDataSource      [0;39m [2m:[0;39m HikariPool-1 - Shutdown initiated...
[2m2026-03-05 17:47:57.481[0;39m [32m INFO[0;39m [35m14660[0;39m [2m---[0;39m [2m[ionShutdownHook][0;39m [36mcom.zaxxer.hikari.HikariDataSource      [0;39m [2m:[0;39m HikariPool-1 - Shutdown completed.
