[INFO] Scanning for projects...
[INFO] 
[INFO] ------------------------< com.example:backend >-------------------------
[INFO] Building backend 0.0.1-SNAPSHOT
[INFO]   from pom.xml
[INFO] --------------------------------[ jar ]---------------------------------
[INFO] 
[INFO] >>> spring-boot:2.7.18:run (default-cli) > test-compile @ backend >>>
[INFO] 
[INFO] --- resources:3.2.0:resources (default-resources) @ backend ---
[INFO] Using 'UTF-8' encoding to copy filtered resources.
[INFO] Using 'UTF-8' encoding to copy filtered properties files.
[INFO] Copying 1 resource
[INFO] Copying 0 resource
[INFO] 
[INFO] --- compiler:3.13.0:compile (default-compile) @ backend ---
[INFO] Recompiling the module because of changed source code.
[INFO] Compiling 28 source files with javac [forked debug parameters target 17] to target/classes
[WARNING] [options] location of system modules is not set in conjunction with -source 17
[INFO] 
[INFO] --- resources:3.2.0:testResources (default-testResources) @ backend ---
[INFO] Using 'UTF-8' encoding to copy filtered resources.
[INFO] Using 'UTF-8' encoding to copy filtered properties files.
[INFO] skip non existing resourceDirectory /Users/eakhalaivan/HR Mangement System/backend/src/test/resources
[INFO] 
[INFO] --- compiler:3.13.0:testCompile (default-testCompile) @ backend ---
[INFO] Recompiling the module because of changed dependency.
[INFO] Compiling 3 source files with javac [forked debug parameters target 17] to target/test-classes
[WARNING] [options] location of system modules is not set in conjunction with -source 17
[INFO] 
[INFO] <<< spring-boot:2.7.18:run (default-cli) < test-compile @ backend <<<
[INFO] 
[INFO] 
[INFO] --- spring-boot:2.7.18:run (default-cli) @ backend ---
[INFO] Attaching agents: []

  .   ____          _            __ _ _
 /\\ / ___'_ __ _ _(_)_ __  __ _ \ \ \ \
( ( )\___ | '_ | '_| | '_ \/ _` | \ \ \ \
 \\/  ___)| |_)| | | | | || (_| |  ) ) ) )
  '  |____| .__|_| |_|_| |_\__, | / / / /
 =========|_|==============|___/=/_/_/_/
[32m :: Spring Boot :: [39m             [2m (v2.7.18)[0;39m

[2m2026-03-05 10:48:16.618[0;39m [32m INFO[0;39m [35m79043[0;39m [2m---[0;39m [2m[           main][0;39m [36mcom.example.backend.BackendApplication  [0;39m [2m:[0;39m Starting BackendApplication using Java 23.0.2 on Eakhalaivans-MacBook-Air.local with PID 79043 (/Users/eakhalaivan/HR Mangement System/backend/target/classes started by eakhalaivan in /Users/eakhalaivan/HR Mangement System/backend)
[2m2026-03-05 10:48:16.619[0;39m [32m INFO[0;39m [35m79043[0;39m [2m---[0;39m [2m[           main][0;39m [36mcom.example.backend.BackendApplication  [0;39m [2m:[0;39m No active profile set, falling back to 1 default profile: "default"
[2m2026-03-05 10:48:16.885[0;39m [32m INFO[0;39m [35m79043[0;39m [2m---[0;39m [2m[           main][0;39m [36m.s.d.r.c.RepositoryConfigurationDelegate[0;39m [2m:[0;39m Bootstrapping Spring Data JPA repositories in DEFAULT mode.
[2m2026-03-05 10:48:16.915[0;39m [32m INFO[0;39m [35m79043[0;39m [2m---[0;39m [2m[           main][0;39m [36m.s.d.r.c.RepositoryConfigurationDelegate[0;39m [2m:[0;39m Finished Spring Data repository scanning in 26 ms. Found 4 JPA repository interfaces.
[2m2026-03-05 10:48:17.187[0;39m [32m INFO[0;39m [35m79043[0;39m [2m---[0;39m [2m[           main][0;39m [36mo.s.b.w.embedded.tomcat.TomcatWebServer [0;39m [2m:[0;39m Tomcat initialized with port(s): 8081 (http)
[2m2026-03-05 10:48:17.193[0;39m [32m INFO[0;39m [35m79043[0;39m [2m---[0;39m [2m[           main][0;39m [36mo.apache.catalina.core.StandardService  [0;39m [2m:[0;39m Starting service [Tomcat]
[2m2026-03-05 10:48:17.194[0;39m [32m INFO[0;39m [35m79043[0;39m [2m---[0;39m [2m[           main][0;39m [36morg.apache.catalina.core.StandardEngine [0;39m [2m:[0;39m Starting Servlet engine: [Apache Tomcat/9.0.83]
[2m2026-03-05 10:48:17.234[0;39m [32m INFO[0;39m [35m79043[0;39m [2m---[0;39m [2m[           main][0;39m [36mo.a.c.c.C.[Tomcat].[localhost].[/]      [0;39m [2m:[0;39m Initializing Spring embedded WebApplicationContext
[2m2026-03-05 10:48:17.235[0;39m [32m INFO[0;39m [35m79043[0;39m [2m---[0;39m [2m[           main][0;39m [36mw.s.c.ServletWebServerApplicationContext[0;39m [2m:[0;39m Root WebApplicationContext: initialization completed in 593 ms
[2m2026-03-05 10:48:17.300[0;39m [32m INFO[0;39m [35m79043[0;39m [2m---[0;39m [2m[           main][0;39m [36mo.hibernate.jpa.internal.util.LogHelper [0;39m [2m:[0;39m HHH000204: Processing PersistenceUnitInfo [name: default]
[2m2026-03-05 10:48:17.320[0;39m [32m INFO[0;39m [35m79043[0;39m [2m---[0;39m [2m[           main][0;39m [36morg.hibernate.Version                   [0;39m [2m:[0;39m HHH000412: Hibernate ORM core version 5.6.15.Final
[2m2026-03-05 10:48:17.385[0;39m [32m INFO[0;39m [35m79043[0;39m [2m---[0;39m [2m[           main][0;39m [36mo.hibernate.annotations.common.Version  [0;39m [2m:[0;39m HCANN000001: Hibernate Commons Annotations {5.1.2.Final}
[2m2026-03-05 10:48:17.418[0;39m [32m INFO[0;39m [35m79043[0;39m [2m---[0;39m [2m[           main][0;39m [36mcom.zaxxer.hikari.HikariDataSource      [0;39m [2m:[0;39m HikariPool-1 - Starting...
[2m2026-03-05 10:48:17.719[0;39m [32m INFO[0;39m [35m79043[0;39m [2m---[0;39m [2m[           main][0;39m [36mcom.zaxxer.hikari.HikariDataSource      [0;39m [2m:[0;39m HikariPool-1 - Start completed.
[2m2026-03-05 10:48:17.727[0;39m [32m INFO[0;39m [35m79043[0;39m [2m---[0;39m [2m[           main][0;39m [36morg.hibernate.dialect.Dialect           [0;39m [2m:[0;39m HHH000400: Using dialect: org.hibernate.dialect.MySQL8Dialect
[2m2026-03-05 10:48:18.263[0;39m [32m INFO[0;39m [35m79043[0;39m [2m---[0;39m [2m[           main][0;39m [36mo.h.e.t.j.p.i.JtaPlatformInitiator      [0;39m [2m:[0;39m HHH000490: Using JtaPlatform implementation: [org.hibernate.engine.transaction.jta.platform.internal.NoJtaPlatform]
[2m2026-03-05 10:48:18.270[0;39m [32m INFO[0;39m [35m79043[0;39m [2m---[0;39m [2m[           main][0;39m [36mj.LocalContainerEntityManagerFactoryBean[0;39m [2m:[0;39m Initialized JPA EntityManagerFactory for persistence unit 'default'
[2m2026-03-05 10:48:18.690[0;39m [32m INFO[0;39m [35m79043[0;39m [2m---[0;39m [2m[           main][0;39m [36mo.s.s.web.DefaultSecurityFilterChain    [0;39m [2m:[0;39m Will secure any request with [org.springframework.security.web.session.DisableEncodeUrlFilter@1bcf2c64, org.springframework.security.web.context.request.async.WebAsyncManagerIntegrationFilter@b5bddfe, org.springframework.security.web.context.SecurityContextPersistenceFilter@24a807a9, org.springframework.security.web.header.HeaderWriterFilter@e2ee348, org.springframework.web.filter.CorsFilter@4fe3f9ef, org.springframework.security.web.authentication.logout.LogoutFilter@69fe8c75, com.example.backend.security.jwt.AuthTokenFilter@1e5e3147, org.springframework.security.web.savedrequest.RequestCacheAwareFilter@736f2fb8, org.springframework.security.web.servletapi.SecurityContextHolderAwareRequestFilter@9715d26, org.springframework.security.web.authentication.AnonymousAuthenticationFilter@2c86b0ea, org.springframework.security.web.session.SessionManagementFilter@573f2e67, org.springframework.security.web.access.ExceptionTranslationFilter@6f5288c5, org.springframework.security.web.access.intercept.FilterSecurityInterceptor@32f45e15]
[2m2026-03-05 10:48:18.711[0;39m [33m WARN[0;39m [35m79043[0;39m [2m---[0;39m [2m[           main][0;39m [36mJpaBaseConfiguration$JpaWebConfiguration[0;39m [2m:[0;39m spring.jpa.open-in-view is enabled by default. Therefore, database queries may be performed during view rendering. Explicitly configure spring.jpa.open-in-view to disable this warning
[2m2026-03-05 10:48:18.927[0;39m [32m INFO[0;39m [35m79043[0;39m [2m---[0;39m [2m[           main][0;39m [36mo.s.b.w.embedded.tomcat.TomcatWebServer [0;39m [2m:[0;39m Tomcat started on port(s): 8081 (http) with context path ''
[2m2026-03-05 10:48:18.932[0;39m [32m INFO[0;39m [35m79043[0;39m [2m---[0;39m [2m[           main][0;39m [36mcom.example.backend.BackendApplication  [0;39m [2m:[0;39m Started BackendApplication in 2.465 seconds (JVM running for 2.623)
--- DataInitializer: Starting data initialization ---
Hibernate: select role0_.id as id1_1_, role0_.name as name2_1_ from roles role0_ where role0_.name=?
Creating ROLE_USER...
Hibernate: insert into roles (name) values (?)
Hibernate: select role0_.id as id1_1_, role0_.name as name2_1_ from roles role0_ where role0_.name=?
Creating ROLE_ADMIN...
Hibernate: insert into roles (name) values (?)
Hibernate: select user0_.id as id1_4_, user0_.email as email2_4_, user0_.password as password3_4_, user0_.username as username4_4_ from users user0_ where user0_.username=?
Creating default admin user...
Hibernate: select role0_.id as id1_1_, role0_.name as name2_1_ from roles role0_ where role0_.name=?
Hibernate: insert into users (email, password, username) values (?, ?, ?)
Hibernate: insert into user_roles (user_id, role_id) values (?, ?)
Admin user created successfully!
--- DataInitializer: Finished data initialization ---
[2m2026-03-05 10:50:05.837[0;39m [32m INFO[0;39m [35m79043[0;39m [2m---[0;39m [2m[nio-8081-exec-1][0;39m [36mo.a.c.c.C.[Tomcat].[localhost].[/]      [0;39m [2m:[0;39m Initializing Spring DispatcherServlet 'dispatcherServlet'
[2m2026-03-05 10:50:05.837[0;39m [32m INFO[0;39m [35m79043[0;39m [2m---[0;39m [2m[nio-8081-exec-1][0;39m [36mo.s.web.servlet.DispatcherServlet       [0;39m [2m:[0;39m Initializing Servlet 'dispatcherServlet'
[2m2026-03-05 10:50:05.839[0;39m [32m INFO[0;39m [35m79043[0;39m [2m---[0;39m [2m[nio-8081-exec-1][0;39m [36mo.s.web.servlet.DispatcherServlet       [0;39m [2m:[0;39m Completed initialization in 2 ms
No JWT found in request to /api/auth/signin
Signin request received for user: eakhaladmin
Hibernate: select user0_.id as id1_4_, user0_.email as email2_4_, user0_.password as password3_4_, user0_.username as username4_4_ from users user0_ where user0_.username=?
Authentication failed for user: eakhaladmin - Bad credentials
No JWT found in request to /api/auth/signin
Signin request received for user: admin
Hibernate: select user0_.id as id1_4_, user0_.email as email2_4_, user0_.password as password3_4_, user0_.username as username4_4_ from users user0_ where user0_.username=?
Hibernate: select roles0_.user_id as user_id1_3_0_, roles0_.role_id as role_id2_3_0_, role1_.id as id1_1_1_, role1_.name as name2_1_1_ from user_roles roles0_ inner join roles role1_ on roles0_.role_id=role1_.id where roles0_.user_id=?
Authentication successful for user: admin
JWT generated for user: admin
JWT found in request to /api/employees: eyJhbGciOiJIUzUxMiJ9.eyJzdWIiOiJhZG1pbiIsImlhdCI6MTc3MjY4ODA3MywiZXhwIjoxNzcyNzc0NDczfQ.sMZxlraRrG9-guCAifMLpl2Ta2zE0Dl8w-p_DO73xWkWHTsJb9dV2OLBU_NKJla_AzGOL0RIHFniFI2pnzwwCw
JWT validated for user: admin
Hibernate: select user0_.id as id1_4_, user0_.email as email2_4_, user0_.password as password3_4_, user0_.username as username4_4_ from users user0_ where user0_.username=?
Hibernate: select roles0_.user_id as user_id1_3_0_, roles0_.role_id as role_id2_3_0_, role1_.id as id1_1_1_, role1_.name as name2_1_1_ from user_roles roles0_ inner join roles role1_ on roles0_.role_id=role1_.id where roles0_.user_id=?
Hibernate: select employee0_.id as id1_0_, employee0_.department as departme2_0_, employee0_.email as email3_0_, employee0_.first_name as first_na4_0_, employee0_.last_name as last_nam5_0_ from employees employee0_
JWT found in request to /api/employees: eyJhbGciOiJIUzUxMiJ9.eyJzdWIiOiJhZG1pbiIsImlhdCI6MTc3MjY4ODA3MywiZXhwIjoxNzcyNzc0NDczfQ.sMZxlraRrG9-guCAifMLpl2Ta2zE0Dl8w-p_DO73xWkWHTsJb9dV2OLBU_NKJla_AzGOL0RIHFniFI2pnzwwCw
JWT validated for user: admin
Hibernate: select user0_.id as id1_4_, user0_.email as email2_4_, user0_.password as password3_4_, user0_.username as username4_4_ from users user0_ where user0_.username=?
Hibernate: select roles0_.user_id as user_id1_3_0_, roles0_.role_id as role_id2_3_0_, role1_.id as id1_1_1_, role1_.name as name2_1_1_ from user_roles roles0_ inner join roles role1_ on roles0_.role_id=role1_.id where roles0_.user_id=?
Hibernate: select employee0_.id as id1_0_, employee0_.department as departme2_0_, employee0_.email as email3_0_, employee0_.first_name as first_na4_0_, employee0_.last_name as last_nam5_0_ from employees employee0_
No JWT found in request to /api/auth/signin
Signin request received for user: admin
Hibernate: select user0_.id as id1_4_, user0_.email as email2_4_, user0_.password as password3_4_, user0_.username as username4_4_ from users user0_ where user0_.username=?
Hibernate: select roles0_.user_id as user_id1_3_0_, roles0_.role_id as role_id2_3_0_, role1_.id as id1_1_1_, role1_.name as name2_1_1_ from user_roles roles0_ inner join roles role1_ on roles0_.role_id=role1_.id where roles0_.user_id=?
Authentication successful for user: admin
JWT generated for user: admin
JWT found in request to /api/employees: eyJhbGciOiJIUzUxMiJ9.eyJzdWIiOiJhZG1pbiIsImlhdCI6MTc3MjY4ODEyMCwiZXhwIjoxNzcyNzc0NTIwfQ.85DlTHtXvsfeX3mRdzLQakpBJv4hmw_ZxrUSBnNVhFDkmi3NViAzzic6TR6RWaFvhua6f5_5Kuls85zEywXIiw
JWT validated for user: admin
Hibernate: select user0_.id as id1_4_, user0_.email as email2_4_, user0_.password as password3_4_, user0_.username as username4_4_ from users user0_ where user0_.username=?
Hibernate: select roles0_.user_id as user_id1_3_0_, roles0_.role_id as role_id2_3_0_, role1_.id as id1_1_1_, role1_.name as name2_1_1_ from user_roles roles0_ inner join roles role1_ on roles0_.role_id=role1_.id where roles0_.user_id=?
Hibernate: select employee0_.id as id1_0_, employee0_.department as departme2_0_, employee0_.email as email3_0_, employee0_.first_name as first_na4_0_, employee0_.last_name as last_nam5_0_ from employees employee0_
JWT found in request to /api/employees: eyJhbGciOiJIUzUxMiJ9.eyJzdWIiOiJhZG1pbiIsImlhdCI6MTc3MjY4ODEyMCwiZXhwIjoxNzcyNzc0NTIwfQ.85DlTHtXvsfeX3mRdzLQakpBJv4hmw_ZxrUSBnNVhFDkmi3NViAzzic6TR6RWaFvhua6f5_5Kuls85zEywXIiw
JWT validated for user: admin
Hibernate: select user0_.id as id1_4_, user0_.email as email2_4_, user0_.password as password3_4_, user0_.username as username4_4_ from users user0_ where user0_.username=?
Hibernate: select roles0_.user_id as user_id1_3_0_, roles0_.role_id as role_id2_3_0_, role1_.id as id1_1_1_, role1_.name as name2_1_1_ from user_roles roles0_ inner join roles role1_ on roles0_.role_id=role1_.id where roles0_.user_id=?
Attempting to create employee with email: eakhal@gmail.com
Hibernate: select employee0_.id as id1_0_, employee0_.department as departme2_0_, employee0_.email as email3_0_, employee0_.first_name as first_na4_0_, employee0_.last_name as last_nam5_0_ from employees employee0_ where employee0_.email=?
Hibernate: insert into employees (department, email, first_name, last_name) values (?, ?, ?, ?)
JWT found in request to /api/employees: eyJhbGciOiJIUzUxMiJ9.eyJzdWIiOiJhZG1pbiIsImlhdCI6MTc3MjY4ODEyMCwiZXhwIjoxNzcyNzc0NTIwfQ.85DlTHtXvsfeX3mRdzLQakpBJv4hmw_ZxrUSBnNVhFDkmi3NViAzzic6TR6RWaFvhua6f5_5Kuls85zEywXIiw
JWT validated for user: admin
Hibernate: select user0_.id as id1_4_, user0_.email as email2_4_, user0_.password as password3_4_, user0_.username as username4_4_ from users user0_ where user0_.username=?
Hibernate: select roles0_.user_id as user_id1_3_0_, roles0_.role_id as role_id2_3_0_, role1_.id as id1_1_1_, role1_.name as name2_1_1_ from user_roles roles0_ inner join roles role1_ on roles0_.role_id=role1_.id where roles0_.user_id=?
Hibernate: select employee0_.id as id1_0_, employee0_.department as departme2_0_, employee0_.email as email3_0_, employee0_.first_name as first_na4_0_, employee0_.last_name as last_nam5_0_ from employees employee0_
JWT found in request to /api/employees/1: eyJhbGciOiJIUzUxMiJ9.eyJzdWIiOiJhZG1pbiIsImlhdCI6MTc3MjY4ODEyMCwiZXhwIjoxNzcyNzc0NTIwfQ.85DlTHtXvsfeX3mRdzLQakpBJv4hmw_ZxrUSBnNVhFDkmi3NViAzzic6TR6RWaFvhua6f5_5Kuls85zEywXIiw
JWT validated for user: admin
Hibernate: select user0_.id as id1_4_, user0_.email as email2_4_, user0_.password as password3_4_, user0_.username as username4_4_ from users user0_ where user0_.username=?
Hibernate: select roles0_.user_id as user_id1_3_0_, roles0_.role_id as role_id2_3_0_, role1_.id as id1_1_1_, role1_.name as name2_1_1_ from user_roles roles0_ inner join roles role1_ on roles0_.role_id=role1_.id where roles0_.user_id=?
Hibernate: select employee0_.id as id1_0_0_, employee0_.department as departme2_0_0_, employee0_.email as email3_0_0_, employee0_.first_name as first_na4_0_0_, employee0_.last_name as last_nam5_0_0_ from employees employee0_ where employee0_.id=?
JWT found in request to /api/employees: eyJhbGciOiJIUzUxMiJ9.eyJzdWIiOiJhZG1pbiIsImlhdCI6MTc3MjY4ODEyMCwiZXhwIjoxNzcyNzc0NTIwfQ.85DlTHtXvsfeX3mRdzLQakpBJv4hmw_ZxrUSBnNVhFDkmi3NViAzzic6TR6RWaFvhua6f5_5Kuls85zEywXIiw
JWT validated for user: admin
Hibernate: select user0_.id as id1_4_, user0_.email as email2_4_, user0_.password as password3_4_, user0_.username as username4_4_ from users user0_ where user0_.username=?
Hibernate: select roles0_.user_id as user_id1_3_0_, roles0_.role_id as role_id2_3_0_, role1_.id as id1_1_1_, role1_.name as name2_1_1_ from user_roles roles0_ inner join roles role1_ on roles0_.role_id=role1_.id where roles0_.user_id=?
Hibernate: select employee0_.id as id1_0_, employee0_.department as departme2_0_, employee0_.email as email3_0_, employee0_.first_name as first_na4_0_, employee0_.last_name as last_nam5_0_ from employees employee0_
JWT found in request to /api/employees/1: eyJhbGciOiJIUzUxMiJ9.eyJzdWIiOiJhZG1pbiIsImlhdCI6MTc3MjY4ODEyMCwiZXhwIjoxNzcyNzc0NTIwfQ.85DlTHtXvsfeX3mRdzLQakpBJv4hmw_ZxrUSBnNVhFDkmi3NViAzzic6TR6RWaFvhua6f5_5Kuls85zEywXIiw
JWT validated for user: admin
Hibernate: select user0_.id as id1_4_, user0_.email as email2_4_, user0_.password as password3_4_, user0_.username as username4_4_ from users user0_ where user0_.username=?
Hibernate: select roles0_.user_id as user_id1_3_0_, roles0_.role_id as role_id2_3_0_, role1_.id as id1_1_1_, role1_.name as name2_1_1_ from user_roles roles0_ inner join roles role1_ on roles0_.role_id=role1_.id where roles0_.user_id=?
Hibernate: select employee0_.id as id1_0_0_, employee0_.department as departme2_0_0_, employee0_.email as email3_0_0_, employee0_.first_name as first_na4_0_0_, employee0_.last_name as last_nam5_0_0_ from employees employee0_ where employee0_.id=?
Hibernate: update employees set department=?, email=?, first_name=?, last_name=? where id=?
JWT found in request to /api/employees: eyJhbGciOiJIUzUxMiJ9.eyJzdWIiOiJhZG1pbiIsImlhdCI6MTc3MjY4ODEyMCwiZXhwIjoxNzcyNzc0NTIwfQ.85DlTHtXvsfeX3mRdzLQakpBJv4hmw_ZxrUSBnNVhFDkmi3NViAzzic6TR6RWaFvhua6f5_5Kuls85zEywXIiw
JWT validated for user: admin
Hibernate: select user0_.id as id1_4_, user0_.email as email2_4_, user0_.password as password3_4_, user0_.username as username4_4_ from users user0_ where user0_.username=?
Hibernate: select roles0_.user_id as user_id1_3_0_, roles0_.role_id as role_id2_3_0_, role1_.id as id1_1_1_, role1_.name as name2_1_1_ from user_roles roles0_ inner join roles role1_ on roles0_.role_id=role1_.id where roles0_.user_id=?
Hibernate: select employee0_.id as id1_0_, employee0_.department as departme2_0_, employee0_.email as email3_0_, employee0_.first_name as first_na4_0_, employee0_.last_name as last_nam5_0_ from employees employee0_
JWT found in request to /api/employees/1: eyJhbGciOiJIUzUxMiJ9.eyJzdWIiOiJhZG1pbiIsImlhdCI6MTc3MjY4ODEyMCwiZXhwIjoxNzcyNzc0NTIwfQ.85DlTHtXvsfeX3mRdzLQakpBJv4hmw_ZxrUSBnNVhFDkmi3NViAzzic6TR6RWaFvhua6f5_5Kuls85zEywXIiw
JWT validated for user: admin
Hibernate: select user0_.id as id1_4_, user0_.email as email2_4_, user0_.password as password3_4_, user0_.username as username4_4_ from users user0_ where user0_.username=?
Hibernate: select roles0_.user_id as user_id1_3_0_, roles0_.role_id as role_id2_3_0_, role1_.id as id1_1_1_, role1_.name as name2_1_1_ from user_roles roles0_ inner join roles role1_ on roles0_.role_id=role1_.id where roles0_.user_id=?
Hibernate: select employee0_.id as id1_0_0_, employee0_.department as departme2_0_0_, employee0_.email as email3_0_0_, employee0_.first_name as first_na4_0_0_, employee0_.last_name as last_nam5_0_0_ from employees employee0_ where employee0_.id=?
Hibernate: delete from employees where id=?
JWT found in request to /api/employees: eyJhbGciOiJIUzUxMiJ9.eyJzdWIiOiJhZG1pbiIsImlhdCI6MTc3MjY4ODA3MywiZXhwIjoxNzcyNzc0NDczfQ.sMZxlraRrG9-guCAifMLpl2Ta2zE0Dl8w-p_DO73xWkWHTsJb9dV2OLBU_NKJla_AzGOL0RIHFniFI2pnzwwCw
JWT validated for user: admin
Hibernate: select user0_.id as id1_4_, user0_.email as email2_4_, user0_.password as password3_4_, user0_.username as username4_4_ from users user0_ where user0_.username=?
Hibernate: select roles0_.user_id as user_id1_3_0_, roles0_.role_id as role_id2_3_0_, role1_.id as id1_1_1_, role1_.name as name2_1_1_ from user_roles roles0_ inner join roles role1_ on roles0_.role_id=role1_.id where roles0_.user_id=?
Attempting to create employee with email: john.doe@test.com
Hibernate: select employee0_.id as id1_0_, employee0_.department as departme2_0_, employee0_.email as email3_0_, employee0_.first_name as first_na4_0_, employee0_.last_name as last_nam5_0_ from employees employee0_ where employee0_.email=?
Hibernate: insert into employees (department, email, first_name, last_name) values (?, ?, ?, ?)
JWT found in request to /api/employees: eyJhbGciOiJIUzUxMiJ9.eyJzdWIiOiJhZG1pbiIsImlhdCI6MTc3MjY4ODA3MywiZXhwIjoxNzcyNzc0NDczfQ.sMZxlraRrG9-guCAifMLpl2Ta2zE0Dl8w-p_DO73xWkWHTsJb9dV2OLBU_NKJla_AzGOL0RIHFniFI2pnzwwCw
JWT validated for user: admin
Hibernate: select user0_.id as id1_4_, user0_.email as email2_4_, user0_.password as password3_4_, user0_.username as username4_4_ from users user0_ where user0_.username=?
Hibernate: select roles0_.user_id as user_id1_3_0_, roles0_.role_id as role_id2_3_0_, role1_.id as id1_1_1_, role1_.name as name2_1_1_ from user_roles roles0_ inner join roles role1_ on roles0_.role_id=role1_.id where roles0_.user_id=?
Hibernate: select employee0_.id as id1_0_, employee0_.department as departme2_0_, employee0_.email as email3_0_, employee0_.first_name as first_na4_0_, employee0_.last_name as last_nam5_0_ from employees employee0_
JWT found in request to /api/employees: eyJhbGciOiJIUzUxMiJ9.eyJzdWIiOiJhZG1pbiIsImlhdCI6MTc3MjY4ODEyMCwiZXhwIjoxNzcyNzc0NTIwfQ.85DlTHtXvsfeX3mRdzLQakpBJv4hmw_ZxrUSBnNVhFDkmi3NViAzzic6TR6RWaFvhua6f5_5Kuls85zEywXIiw
JWT validated for user: admin
Hibernate: select user0_.id as id1_4_, user0_.email as email2_4_, user0_.password as password3_4_, user0_.username as username4_4_ from users user0_ where user0_.username=?
Hibernate: select roles0_.user_id as user_id1_3_0_, roles0_.role_id as role_id2_3_0_, role1_.id as id1_1_1_, role1_.name as name2_1_1_ from user_roles roles0_ inner join roles role1_ on roles0_.role_id=role1_.id where roles0_.user_id=?
Attempting to create employee with email: eakhal@gmail.com
Hibernate: select employee0_.id as id1_0_, employee0_.department as departme2_0_, employee0_.email as email3_0_, employee0_.first_name as first_na4_0_, employee0_.last_name as last_nam5_0_ from employees employee0_ where employee0_.email=?
Hibernate: insert into employees (department, email, first_name, last_name) values (?, ?, ?, ?)
JWT found in request to /api/employees: eyJhbGciOiJIUzUxMiJ9.eyJzdWIiOiJhZG1pbiIsImlhdCI6MTc3MjY4ODEyMCwiZXhwIjoxNzcyNzc0NTIwfQ.85DlTHtXvsfeX3mRdzLQakpBJv4hmw_ZxrUSBnNVhFDkmi3NViAzzic6TR6RWaFvhua6f5_5Kuls85zEywXIiw
JWT validated for user: admin
Hibernate: select user0_.id as id1_4_, user0_.email as email2_4_, user0_.password as password3_4_, user0_.username as username4_4_ from users user0_ where user0_.username=?
Hibernate: select roles0_.user_id as user_id1_3_0_, roles0_.role_id as role_id2_3_0_, role1_.id as id1_1_1_, role1_.name as name2_1_1_ from user_roles roles0_ inner join roles role1_ on roles0_.role_id=role1_.id where roles0_.user_id=?
Hibernate: select employee0_.id as id1_0_, employee0_.department as departme2_0_, employee0_.email as email3_0_, employee0_.first_name as first_na4_0_, employee0_.last_name as last_nam5_0_ from employees employee0_
JWT found in request to /api/employees/2: eyJhbGciOiJIUzUxMiJ9.eyJzdWIiOiJhZG1pbiIsImlhdCI6MTc3MjY4ODEyMCwiZXhwIjoxNzcyNzc0NTIwfQ.85DlTHtXvsfeX3mRdzLQakpBJv4hmw_ZxrUSBnNVhFDkmi3NViAzzic6TR6RWaFvhua6f5_5Kuls85zEywXIiw
JWT validated for user: admin
Hibernate: select user0_.id as id1_4_, user0_.email as email2_4_, user0_.password as password3_4_, user0_.username as username4_4_ from users user0_ where user0_.username=?
Hibernate: select roles0_.user_id as user_id1_3_0_, roles0_.role_id as role_id2_3_0_, role1_.id as id1_1_1_, role1_.name as name2_1_1_ from user_roles roles0_ inner join roles role1_ on roles0_.role_id=role1_.id where roles0_.user_id=?
Hibernate: select employee0_.id as id1_0_0_, employee0_.department as departme2_0_0_, employee0_.email as email3_0_0_, employee0_.first_name as first_na4_0_0_, employee0_.last_name as last_nam5_0_0_ from employees employee0_ where employee0_.id=?
JWT found in request to /api/employees: eyJhbGciOiJIUzUxMiJ9.eyJzdWIiOiJhZG1pbiIsImlhdCI6MTc3MjY4ODEyMCwiZXhwIjoxNzcyNzc0NTIwfQ.85DlTHtXvsfeX3mRdzLQakpBJv4hmw_ZxrUSBnNVhFDkmi3NViAzzic6TR6RWaFvhua6f5_5Kuls85zEywXIiw
JWT validated for user: admin
Hibernate: select user0_.id as id1_4_, user0_.email as email2_4_, user0_.password as password3_4_, user0_.username as username4_4_ from users user0_ where user0_.username=?
Hibernate: select roles0_.user_id as user_id1_3_0_, roles0_.role_id as role_id2_3_0_, role1_.id as id1_1_1_, role1_.name as name2_1_1_ from user_roles roles0_ inner join roles role1_ on roles0_.role_id=role1_.id where roles0_.user_id=?
Hibernate: select employee0_.id as id1_0_, employee0_.department as departme2_0_, employee0_.email as email3_0_, employee0_.first_name as first_na4_0_, employee0_.last_name as last_nam5_0_ from employees employee0_
JWT found in request to /api/settings: eyJhbGciOiJIUzUxMiJ9.eyJzdWIiOiJhZG1pbiIsImlhdCI6MTc3MjY4ODEyMCwiZXhwIjoxNzcyNzc0NTIwfQ.85DlTHtXvsfeX3mRdzLQakpBJv4hmw_ZxrUSBnNVhFDkmi3NViAzzic6TR6RWaFvhua6f5_5Kuls85zEywXIiw
JWT validated for user: admin
Hibernate: select user0_.id as id1_4_, user0_.email as email2_4_, user0_.password as password3_4_, user0_.username as username4_4_ from users user0_ where user0_.username=?
Hibernate: select roles0_.user_id as user_id1_3_0_, roles0_.role_id as role_id2_3_0_, role1_.id as id1_1_1_, role1_.name as name2_1_1_ from user_roles roles0_ inner join roles role1_ on roles0_.role_id=role1_.id where roles0_.user_id=?
Hibernate: select settings0_.id as id1_2_, settings0_.admin_email as admin_em2_2_, settings0_.notifications as notifica3_2_, settings0_.persistence_mode as persiste4_2_, settings0_.system_name as system_n5_2_ from settings settings0_
Hibernate: insert into settings (admin_email, notifications, persistence_mode, system_name) values (?, ?, ?, ?)
JWT found in request to /api/dashboard/stats: eyJhbGciOiJIUzUxMiJ9.eyJzdWIiOiJhZG1pbiIsImlhdCI6MTc3MjY4ODEyMCwiZXhwIjoxNzcyNzc0NTIwfQ.85DlTHtXvsfeX3mRdzLQakpBJv4hmw_ZxrUSBnNVhFDkmi3NViAzzic6TR6RWaFvhua6f5_5Kuls85zEywXIiw
JWT validated for user: admin
Hibernate: select user0_.id as id1_4_, user0_.email as email2_4_, user0_.password as password3_4_, user0_.username as username4_4_ from users user0_ where user0_.username=?
Hibernate: select roles0_.user_id as user_id1_3_0_, roles0_.role_id as role_id2_3_0_, role1_.id as id1_1_1_, role1_.name as name2_1_1_ from user_roles roles0_ inner join roles role1_ on roles0_.role_id=role1_.id where roles0_.user_id=?
Hibernate: select count(*) as col_0_0_ from employees employee0_
Hibernate: select employee0_.department as col_0_0_, count(employee0_.id) as col_1_0_ from employees employee0_ group by employee0_.department
JWT found in request to /api/employees: eyJhbGciOiJIUzUxMiJ9.eyJzdWIiOiJhZG1pbiIsImlhdCI6MTc3MjY4ODEyMCwiZXhwIjoxNzcyNzc0NTIwfQ.85DlTHtXvsfeX3mRdzLQakpBJv4hmw_ZxrUSBnNVhFDkmi3NViAzzic6TR6RWaFvhua6f5_5Kuls85zEywXIiw
JWT validated for user: admin
Hibernate: select user0_.id as id1_4_, user0_.email as email2_4_, user0_.password as password3_4_, user0_.username as username4_4_ from users user0_ where user0_.username=?
Hibernate: select roles0_.user_id as user_id1_3_0_, roles0_.role_id as role_id2_3_0_, role1_.id as id1_1_1_, role1_.name as name2_1_1_ from user_roles roles0_ inner join roles role1_ on roles0_.role_id=role1_.id where roles0_.user_id=?
Hibernate: select employee0_.id as id1_0_, employee0_.department as departme2_0_, employee0_.email as email3_0_, employee0_.first_name as first_na4_0_, employee0_.last_name as last_nam5_0_ from employees employee0_
JWT found in request to /api/settings: eyJhbGciOiJIUzUxMiJ9.eyJzdWIiOiJhZG1pbiIsImlhdCI6MTc3MjY4ODEyMCwiZXhwIjoxNzcyNzc0NTIwfQ.85DlTHtXvsfeX3mRdzLQakpBJv4hmw_ZxrUSBnNVhFDkmi3NViAzzic6TR6RWaFvhua6f5_5Kuls85zEywXIiw
JWT validated for user: admin
Hibernate: select user0_.id as id1_4_, user0_.email as email2_4_, user0_.password as password3_4_, user0_.username as username4_4_ from users user0_ where user0_.username=?
Hibernate: select roles0_.user_id as user_id1_3_0_, roles0_.role_id as role_id2_3_0_, role1_.id as id1_1_1_, role1_.name as name2_1_1_ from user_roles roles0_ inner join roles role1_ on roles0_.role_id=role1_.id where roles0_.user_id=?
Hibernate: select settings0_.id as id1_2_, settings0_.admin_email as admin_em2_2_, settings0_.notifications as notifica3_2_, settings0_.persistence_mode as persiste4_2_, settings0_.system_name as system_n5_2_ from settings settings0_
JWT found in request to /api/settings: eyJhbGciOiJIUzUxMiJ9.eyJzdWIiOiJhZG1pbiIsImlhdCI6MTc3MjY4ODEyMCwiZXhwIjoxNzcyNzc0NTIwfQ.85DlTHtXvsfeX3mRdzLQakpBJv4hmw_ZxrUSBnNVhFDkmi3NViAzzic6TR6RWaFvhua6f5_5Kuls85zEywXIiw
JWT validated for user: admin
Hibernate: select user0_.id as id1_4_, user0_.email as email2_4_, user0_.password as password3_4_, user0_.username as username4_4_ from users user0_ where user0_.username=?
Hibernate: select roles0_.user_id as user_id1_3_0_, roles0_.role_id as role_id2_3_0_, role1_.id as id1_1_1_, role1_.name as name2_1_1_ from user_roles roles0_ inner join roles role1_ on roles0_.role_id=role1_.id where roles0_.user_id=?
Hibernate: select settings0_.id as id1_2_, settings0_.admin_email as admin_em2_2_, settings0_.notifications as notifica3_2_, settings0_.persistence_mode as persiste4_2_, settings0_.system_name as system_n5_2_ from settings settings0_
Hibernate: update settings set admin_email=?, notifications=?, persistence_mode=?, system_name=? where id=?
JWT found in request to /api/dashboard/stats: eyJhbGciOiJIUzUxMiJ9.eyJzdWIiOiJhZG1pbiIsImlhdCI6MTc3MjY4ODEyMCwiZXhwIjoxNzcyNzc0NTIwfQ.85DlTHtXvsfeX3mRdzLQakpBJv4hmw_ZxrUSBnNVhFDkmi3NViAzzic6TR6RWaFvhua6f5_5Kuls85zEywXIiw
JWT validated for user: admin
Hibernate: select user0_.id as id1_4_, user0_.email as email2_4_, user0_.password as password3_4_, user0_.username as username4_4_ from users user0_ where user0_.username=?
Hibernate: select roles0_.user_id as user_id1_3_0_, roles0_.role_id as role_id2_3_0_, role1_.id as id1_1_1_, role1_.name as name2_1_1_ from user_roles roles0_ inner join roles role1_ on roles0_.role_id=role1_.id where roles0_.user_id=?
Hibernate: select count(*) as col_0_0_ from employees employee0_
Hibernate: select employee0_.department as col_0_0_, count(employee0_.id) as col_1_0_ from employees employee0_ group by employee0_.department
JWT found in request to /api/employees: eyJhbGciOiJIUzUxMiJ9.eyJzdWIiOiJhZG1pbiIsImlhdCI6MTc3MjY4ODEyMCwiZXhwIjoxNzcyNzc0NTIwfQ.85DlTHtXvsfeX3mRdzLQakpBJv4hmw_ZxrUSBnNVhFDkmi3NViAzzic6TR6RWaFvhua6f5_5Kuls85zEywXIiw
JWT validated for user: admin
Hibernate: select user0_.id as id1_4_, user0_.email as email2_4_, user0_.password as password3_4_, user0_.username as username4_4_ from users user0_ where user0_.username=?
Hibernate: select roles0_.user_id as user_id1_3_0_, roles0_.role_id as role_id2_3_0_, role1_.id as id1_1_1_, role1_.name as name2_1_1_ from user_roles roles0_ inner join roles role1_ on roles0_.role_id=role1_.id where roles0_.user_id=?
Hibernate: select employee0_.id as id1_0_, employee0_.department as departme2_0_, employee0_.email as email3_0_, employee0_.first_name as first_na4_0_, employee0_.last_name as last_nam5_0_ from employees employee0_
JWT found in request to /api/employees: eyJhbGciOiJIUzUxMiJ9.eyJzdWIiOiJhZG1pbiIsImlhdCI6MTc3MjY4ODEyMCwiZXhwIjoxNzcyNzc0NTIwfQ.85DlTHtXvsfeX3mRdzLQakpBJv4hmw_ZxrUSBnNVhFDkmi3NViAzzic6TR6RWaFvhua6f5_5Kuls85zEywXIiw
JWT validated for user: admin
Hibernate: select user0_.id as id1_4_, user0_.email as email2_4_, user0_.password as password3_4_, user0_.username as username4_4_ from users user0_ where user0_.username=?
Hibernate: select roles0_.user_id as user_id1_3_0_, roles0_.role_id as role_id2_3_0_, role1_.id as id1_1_1_, role1_.name as name2_1_1_ from user_roles roles0_ inner join roles role1_ on roles0_.role_id=role1_.id where roles0_.user_id=?
Attempting to create employee with email: hari@gmail.com
Hibernate: select employee0_.id as id1_0_, employee0_.department as departme2_0_, employee0_.email as email3_0_, employee0_.first_name as first_na4_0_, employee0_.last_name as last_nam5_0_ from employees employee0_ where employee0_.email=?
Hibernate: insert into employees (department, email, first_name, last_name) values (?, ?, ?, ?)
JWT found in request to /api/employees: eyJhbGciOiJIUzUxMiJ9.eyJzdWIiOiJhZG1pbiIsImlhdCI6MTc3MjY4ODEyMCwiZXhwIjoxNzcyNzc0NTIwfQ.85DlTHtXvsfeX3mRdzLQakpBJv4hmw_ZxrUSBnNVhFDkmi3NViAzzic6TR6RWaFvhua6f5_5Kuls85zEywXIiw
JWT validated for user: admin
Hibernate: select user0_.id as id1_4_, user0_.email as email2_4_, user0_.password as password3_4_, user0_.username as username4_4_ from users user0_ where user0_.username=?
Hibernate: select roles0_.user_id as user_id1_3_0_, roles0_.role_id as role_id2_3_0_, role1_.id as id1_1_1_, role1_.name as name2_1_1_ from user_roles roles0_ inner join roles role1_ on roles0_.role_id=role1_.id where roles0_.user_id=?
Hibernate: select employee0_.id as id1_0_, employee0_.department as departme2_0_, employee0_.email as email3_0_, employee0_.first_name as first_na4_0_, employee0_.last_name as last_nam5_0_ from employees employee0_
JWT found in request to /api/employees: eyJhbGciOiJIUzUxMiJ9.eyJzdWIiOiJhZG1pbiIsImlhdCI6MTc3MjY4ODA3MywiZXhwIjoxNzcyNzc0NDczfQ.sMZxlraRrG9-guCAifMLpl2Ta2zE0Dl8w-p_DO73xWkWHTsJb9dV2OLBU_NKJla_AzGOL0RIHFniFI2pnzwwCw
JWT validated for user: admin
Hibernate: select user0_.id as id1_4_, user0_.email as email2_4_, user0_.password as password3_4_, user0_.username as username4_4_ from users user0_ where user0_.username=?
Hibernate: select roles0_.user_id as user_id1_3_0_, roles0_.role_id as role_id2_3_0_, role1_.id as id1_1_1_, role1_.name as name2_1_1_ from user_roles roles0_ inner join roles role1_ on roles0_.role_id=role1_.id where roles0_.user_id=?
Hibernate: select employee0_.id as id1_0_, employee0_.department as departme2_0_, employee0_.email as email3_0_, employee0_.first_name as first_na4_0_, employee0_.last_name as last_nam5_0_ from employees employee0_
JWT found in request to /api/employees: eyJhbGciOiJIUzUxMiJ9.eyJzdWIiOiJhZG1pbiIsImlhdCI6MTc3MjY4ODA3MywiZXhwIjoxNzcyNzc0NDczfQ.sMZxlraRrG9-guCAifMLpl2Ta2zE0Dl8w-p_DO73xWkWHTsJb9dV2OLBU_NKJla_AzGOL0RIHFniFI2pnzwwCw
JWT validated for user: admin
Hibernate: select user0_.id as id1_4_, user0_.email as email2_4_, user0_.password as password3_4_, user0_.username as username4_4_ from users user0_ where user0_.username=?
Hibernate: select roles0_.user_id as user_id1_3_0_, roles0_.role_id as role_id2_3_0_, role1_.id as id1_1_1_, role1_.name as name2_1_1_ from user_roles roles0_ inner join roles role1_ on roles0_.role_id=role1_.id where roles0_.user_id=?
Hibernate: select employee0_.id as id1_0_, employee0_.department as departme2_0_, employee0_.email as email3_0_, employee0_.first_name as first_na4_0_, employee0_.last_name as last_nam5_0_ from employees employee0_
JWT found in request to /api/settings: eyJhbGciOiJIUzUxMiJ9.eyJzdWIiOiJhZG1pbiIsImlhdCI6MTc3MjY4ODA3MywiZXhwIjoxNzcyNzc0NDczfQ.sMZxlraRrG9-guCAifMLpl2Ta2zE0Dl8w-p_DO73xWkWHTsJb9dV2OLBU_NKJla_AzGOL0RIHFniFI2pnzwwCw
JWT validated for user: admin
Hibernate: select user0_.id as id1_4_, user0_.email as email2_4_, user0_.password as password3_4_, user0_.username as username4_4_ from users user0_ where user0_.username=?
Hibernate: select roles0_.user_id as user_id1_3_0_, roles0_.role_id as role_id2_3_0_, role1_.id as id1_1_1_, role1_.name as name2_1_1_ from user_roles roles0_ inner join roles role1_ on roles0_.role_id=role1_.id where roles0_.user_id=?
Hibernate: select settings0_.id as id1_2_, settings0_.admin_email as admin_em2_2_, settings0_.notifications as notifica3_2_, settings0_.persistence_mode as persiste4_2_, settings0_.system_name as system_n5_2_ from settings settings0_
JWT found in request to /api/settings: eyJhbGciOiJIUzUxMiJ9.eyJzdWIiOiJhZG1pbiIsImlhdCI6MTc3MjY4ODA3MywiZXhwIjoxNzcyNzc0NDczfQ.sMZxlraRrG9-guCAifMLpl2Ta2zE0Dl8w-p_DO73xWkWHTsJb9dV2OLBU_NKJla_AzGOL0RIHFniFI2pnzwwCw
JWT validated for user: admin
Hibernate: select user0_.id as id1_4_, user0_.email as email2_4_, user0_.password as password3_4_, user0_.username as username4_4_ from users user0_ where user0_.username=?
Hibernate: select roles0_.user_id as user_id1_3_0_, roles0_.role_id as role_id2_3_0_, role1_.id as id1_1_1_, role1_.name as name2_1_1_ from user_roles roles0_ inner join roles role1_ on roles0_.role_id=role1_.id where roles0_.user_id=?
Hibernate: select settings0_.id as id1_2_, settings0_.admin_email as admin_em2_2_, settings0_.notifications as notifica3_2_, settings0_.persistence_mode as persiste4_2_, settings0_.system_name as system_n5_2_ from settings settings0_
No JWT found in request to /api/auth/signin
Signin request received for user: eakhal
Hibernate: select user0_.id as id1_4_, user0_.email as email2_4_, user0_.password as password3_4_, user0_.username as username4_4_ from users user0_ where user0_.username=?
Authentication failed for user: eakhal - Bad credentials
No JWT found in request to /api/auth/signin
Signin request received for user: eakhal
Hibernate: select user0_.id as id1_4_, user0_.email as email2_4_, user0_.password as password3_4_, user0_.username as username4_4_ from users user0_ where user0_.username=?
Authentication failed for user: eakhal - Bad credentials
[INFO] ------------------------------------------------------------------------
[INFO] BUILD FAILURE
[INFO] ------------------------------------------------------------------------
[INFO] Total time:  32:11 min
[INFO] Finished at: 2026-03-05T11:20:25+05:30
[INFO] ------------------------------------------------------------------------
[ERROR] Failed to execute goal org.springframework.boot:spring-boot-maven-plugin:2.7.18:run (default-cli) on project backend: Application finished with exit code: 137 -> [Help 1]
[ERROR] 
[ERROR] To see the full stack trace of the errors, re-run Maven with the -e switch.
[ERROR] Re-run Maven using the -X switch to enable full debug logging.
[ERROR] 
[ERROR] For more information about the errors and possible solutions, please read the following articles:
[ERROR] [Help 1] http://cwiki.apache.org/confluence/display/MAVEN/MojoExecutionException
